{"level":"error","message":"Test - Error message","timestamp":"2023-11-25T15:20:39.075Z"}
{"level":"fatal","message":"Test - Fatal message","timestamp":"2023-11-25T15:20:39.076Z"}
{"level":"error","message":"Test - Error message","timestamp":"2023-11-25T15:24:33.252Z"}
{"level":"fatal","message":"Test - Fatal message","timestamp":"2023-11-25T15:24:33.253Z"}
{"level":"error","message":"Test - Error message","timestamp":"2023-11-25T15:24:52.047Z"}
{"level":"fatal","message":"Test - Fatal message","timestamp":"2023-11-25T15:24:52.048Z"}
{"level":"error","message":"Changing santilapiana02@gmail.com password: Cannot access 'user' before initialization","timestamp":"2023-12-07T15:17:10.372Z"}
{"level":"error","message":"Changing santilapiana02@gmail.com password: usersModel.update is not a function","timestamp":"2023-12-07T15:18:09.255Z"}
{"level":"error","message":"Logout error: Cannot set headers after they are sent to the client","timestamp":"2023-12-07T16:56:56.464Z"}
{"level":"error","message":"Product post error: E11000 duplicate key error collection: test.products index: code_1 dup key: { code: \"123456\" }","timestamp":"2023-12-17T19:48:12.962Z"}
{"level":"error","message":"Product post error: E11000 duplicate key error collection: test.products index: code_1 dup key: { code: \"123456\" }","timestamp":"2023-12-17T19:50:59.851Z"}
{"level":"error","message":"Product post error: E11000 duplicate key error collection: test.products index: code_1 dup key: { code: \"123456\" }","timestamp":"2023-12-17T19:55:04.572Z"}
{"level":"error","message":"Product post error: E11000 duplicate key error collection: test.products index: code_1 dup key: { code: \"123456\" }","timestamp":"2023-12-17T20:01:19.057Z"}
{"level":"error","message":"Product post error: E11000 duplicate key error collection: test.products index: code_1 dup key: { code: \"123456\" }","timestamp":"2023-12-17T20:06:05.849Z"}
{"level":"error","message":"Product post error: E11000 duplicate key error collection: test.products index: code_1 dup key: { code: \"123456\" }","timestamp":"2023-12-17T20:09:42.172Z"}
{"level":"error","message":"Product post error: E11000 duplicate key error collection: test.products index: code_1 dup key: { code: \"123456\" }","timestamp":"2023-12-17T20:10:20.963Z"}
{"level":"error","message":"Cart creation error: cartsService.create is not a function","timestamp":"2023-12-17T21:48:46.273Z"}
{"level":"error","message":"Cart creation error: cartsService.create is not a function","timestamp":"2023-12-17T21:50:05.575Z"}
{"level":"error","message":"Adding document to 654e8cc12933f3d7ab20b50a: path is not defined","timestamp":"2024-01-03T17:08:05.801Z"}
{"level":"error","message":"Adding document to 654e8cc12933f3d7ab20b50a: __dirname is not defined","timestamp":"2024-01-03T17:08:48.245Z"}
{"level":"error","message":"Adding document to 654e8cc12933f3d7ab20b50a: ENOENT: no such file or directory, rename 'C:\\Users\\Lapiana\\Desktop\\Santi\\Programacion\\desafios_coder\\src\\uploads\\documents\\654e8cc12933f3d7ab20b50a-1704301753345-571340372-WhatsApp Image 2022-08-25 at 12.16.17 PM.jpg' -> 'C:\\Users\\Lapiana\\Desktop\\Santi\\Programacion\\desafios_coder\\uploads\\profiles\\654e8cc12933f3d7ab20b50a-1704301753345-571340372-WhatsApp Image 2022-08-25 at 12.16.17 PM.jpg'","timestamp":"2024-01-03T17:09:16.301Z"}
{"level":"error","message":"Changing 654e8cc12933f3d7ab20b50a role: Cannot set headers after they are sent to the client","timestamp":"2024-01-03T17:29:05.236Z"}
{"level":"error","message":"Getting users view: usersService is not defined","timestamp":"2024-01-10T16:28:19.325Z"}
{"level":"error","message":"Deleting inactive users: users is not defined","timestamp":"2024-01-10T17:16:44.989Z"}
